Using pre-set license
Built from '2021.1/staging' branch; Version is '2021.1.14f1 (51d2f824827f) revision 5362424'; Using compiler version '192528614'; Build Type 'Release'
OS: 'Windows 10 Home; OS build 19042.1348; Version 2009; 64bit' Language: 'en' Physical Memory: 16244 MB
BatchMode: 1, IsHumanControllingUs: 0, StartBugReporterOnCrash: 0, Is64bit: 1, IsPro: 0

 COMMAND LINE ARGUMENTS:
C:\Program Files\Unity\Hub\Editor\2021.1.14f1\Editor\Unity.exe
-adb2
-batchMode
-noUpm
-name
AssetImportWorker0
-projectPath
C:/Users/helev/OneDrive/Documents/GitHub/cc/Allergens Attract
-logFile
Logs/AssetImportWorker0.log
-srvPort
62774
Successfully changed project path to: C:/Users/helev/OneDrive/Documents/GitHub/cc/Allergens Attract
C:/Users/helev/OneDrive/Documents/GitHub/cc/Allergens Attract
Using Asset Import Pipeline V2.
Refreshing native plugins compatible for Editor in 141.79 ms, found 4 plugins.
Preloading 0 native plugins for Editor in 0.00 ms.
Initialize engine version: 2021.1.14f1 (51d2f824827f)
[Subsystems] Discovering subsystems at path C:/Program Files/Unity/Hub/Editor/2021.1.14f1/Editor/Data/Resources/UnitySubsystems
[Subsystems] Discovering subsystems at path C:/Users/helev/OneDrive/Documents/GitHub/cc/Allergens Attract/Assets
GfxDevice: creating device client; threaded=0; jobified=0
Direct3D:
    Version:  Direct3D 11.0 [level 11.1]
    Renderer: NVIDIA GeForce RTX 2080 Super with Max-Q Design (ID=0x1e93)
    Vendor:   NVIDIA
    VRAM:     8010 MB
    Driver:   27.21.14.6089
Initialize mono
Mono path[0] = 'C:/Program Files/Unity/Hub/Editor/2021.1.14f1/Editor/Data/Managed'
Mono path[1] = 'C:/Program Files/Unity/Hub/Editor/2021.1.14f1/Editor/Data/MonoBleedingEdge/lib/mono/unityjit'
Mono config path = 'C:/Program Files/Unity/Hub/Editor/2021.1.14f1/Editor/Data/MonoBleedingEdge/etc'
Using monoOptions --debugger-agent=transport=dt_socket,embedding=1,server=y,suspend=n,address=127.0.0.1:56504
Begin MonoManager ReloadAssembly
Registering precompiled unity dll's ...
Register platform support module: C:/Program Files/Unity/Hub/Editor/2021.1.14f1/Editor/Data/PlaybackEngines/WebGLSupport/UnityEditor.WebGL.Extensions.dll
Register platform support module: C:/Program Files/Unity/Hub/Editor/2021.1.14f1/Editor/Data/PlaybackEngines/WindowsStandaloneSupport/UnityEditor.WindowsStandalone.Extensions.dll
Registered in 0.002288 seconds.
Native extension for WindowsStandalone target not found
Native extension for WebGL target not found
Refreshing native plugins compatible for Editor in 124.45 ms, found 4 plugins.
Preloading 0 native plugins for Editor in 0.00 ms.
Mono: successfully reloaded assembly
- Completed reload, in  1.497 seconds
Domain Reload Profiling:
	ReloadAssembly (1497ms)
		BeginReloadAssembly (71ms)
			ExecutionOrderSort (0ms)
			DisableScriptedObjects (0ms)
			BackupInstance (0ms)
			ReleaseScriptingObjects (0ms)
			CreateAndSetChildDomain (1ms)
		EndReloadAssembly (553ms)
			LoadAssemblies (68ms)
			RebuildTransferFunctionScriptingTraits (0ms)
			SetupTypeCache (183ms)
			ReleaseScriptCaches (0ms)
			RebuildScriptCaches (37ms)
			SetupLoadedEditorAssemblies (277ms)
				LogAssemblyErrors (0ms)
				InitializePlatformSupportModulesInManaged (8ms)
				SetLoadedEditorAssemblies (0ms)
				RefreshPlugins (125ms)
				BeforeProcessingInitializeOnLoad (2ms)
				ProcessInitializeOnLoadAttributes (110ms)
				ProcessInitializeOnLoadMethodAttributes (33ms)
				AfterProcessingInitializeOnLoad (0ms)
				EditorAssembliesLoaded (0ms)
			ExecutionOrderSort2 (0ms)
			AwakeInstancesAfterBackupRestoration (0ms)
Platform modules already initialized, skipping
Registering precompiled user dll's ...
Registered in 0.006215 seconds.
Begin MonoManager ReloadAssembly
Symbol file LoadedFromMemory doesn't match image C:\Users\helev\OneDrive\Documents\GitHub\cc\Allergens Attract\Library\PackageCache\com.unity.visualscripting@1.6.1\Editor\VisualScripting.Core\Dependencies\YamlDotNet\Unity.VisualScripting.YamlDotNet.dll
Symbol file LoadedFromMemory doesn't match image C:\Users\helev\OneDrive\Documents\GitHub\cc\Allergens Attract\Library\PackageCache\com.unity.visualscripting@1.6.1\Editor\VisualScripting.Core\Dependencies\DotNetZip\Unity.VisualScripting.IonicZip.dll
Native extension for WindowsStandalone target not found
Native extension for WebGL target not found
Refreshing native plugins compatible for Editor in 132.98 ms, found 4 plugins.
Preloading 0 native plugins for Editor in 0.00 ms.
Mono: successfully reloaded assembly
- Completed reload, in  1.577 seconds
Domain Reload Profiling:
	ReloadAssembly (1578ms)
		BeginReloadAssembly (175ms)
			ExecutionOrderSort (0ms)
			DisableScriptedObjects (5ms)
			BackupInstance (0ms)
			ReleaseScriptingObjects (0ms)
			CreateAndSetChildDomain (22ms)
		EndReloadAssembly (1331ms)
			LoadAssemblies (108ms)
			RebuildTransferFunctionScriptingTraits (0ms)
			SetupTypeCache (448ms)
			ReleaseScriptCaches (1ms)
			RebuildScriptCaches (85ms)
			SetupLoadedEditorAssemblies (559ms)
				LogAssemblyErrors (0ms)
				InitializePlatformSupportModulesInManaged (6ms)
				SetLoadedEditorAssemblies (0ms)
				RefreshPlugins (133ms)
				BeforeProcessingInitializeOnLoad (113ms)
				ProcessInitializeOnLoadAttributes (281ms)
				ProcessInitializeOnLoadMethodAttributes (19ms)
				AfterProcessingInitializeOnLoad (7ms)
				EditorAssembliesLoaded (0ms)
			ExecutionOrderSort2 (0ms)
			AwakeInstancesAfterBackupRestoration (8ms)
Platform modules already initialized, skipping
========================================================================
Worker process is ready to serve import requests
Launched and connected shader compiler UnityShaderCompiler.exe after 0.04 seconds
Refreshing native plugins compatible for Editor in 0.97 ms, found 4 plugins.
Preloading 0 native plugins for Editor in 0.00 ms.
Unloading 4474 Unused Serialized files (Serialized files now loaded: 0)
System memory in use before: 159.9 MB.
System memory in use after: 160.0 MB.

Unloading 37 unused Assets to reduce memory usage. Loaded Objects now: 4919.
Total: 4.178200 ms (FindLiveObjects: 0.405500 ms CreateObjectMapping: 0.290200 ms MarkObjects: 3.306500 ms  DeleteObjects: 0.173900 ms)

AssetImportParameters requested are different than current active one (requested -> active):
  custom:framework-win-MediaFoundation: 216162199b28c13a410421893ffa2e32 -> 
  custom:video-decoder-ogg-theora: a1e56fd34408186e4bbccfd4996cb3dc -> 
  custom:container-muxer-webm: aa71ff27fc2769a1b78a27578f13a17b -> 
  custom:container-demuxer-webm: 4f35f7cbe854078d1ac9338744f61a02 -> 
  custom:container-demuxer-ogg: 62fdf1f143b41e24485cea50d1cbac27 -> 
  custom:video-encoder-webm-vp8: eb34c28f22e8b96e1ab97ce403110664 -> 
  custom:video-decoder-webm-vp8: 9c59270c3fd7afecdb556c50c9e8de78 -> 
  custom:audio-decoder-ogg-vorbis: bf7c407c2cedff20999df2af8eb42d56 -> 
  custom:audio-encoder-webm-vorbis: bf7c407c2cedff20999df2af8eb42d56 -> 
========================================================================
Received Import Request.
  path: Assets/Scenes/Menu.unity
  artifactKey: Guid(3e11c21c6f7281945bb1562dde1b8dac) Importer(815301076,1909f56bfc062723c751e8b465ee728b)
Start importing Assets/Scenes/Menu.unity using Guid(3e11c21c6f7281945bb1562dde1b8dac) Importer(815301076,1909f56bfc062723c751e8b465ee728b)  -> (artifact id: '5c63aae3e7e1919e6f4885796c6cc61c') in 0.022930 seconds 
========================================================================
Received Import Request.
  Time since last request: 28.504772 seconds.
  path: Assets/VFX/Materials/Sprite_LightShafts.mat
  artifactKey: Guid(46015fb81bb8e3a469c74a4bf927cf20) Importer(815301076,1909f56bfc062723c751e8b465ee728b)
Start importing Assets/VFX/Materials/Sprite_LightShafts.mat using Guid(46015fb81bb8e3a469c74a4bf927cf20) Importer(815301076,1909f56bfc062723c751e8b465ee728b)  -> (artifact id: 'ced145a66fbf12c347fc52ece2f0a53b') in 0.126161 seconds 
========================================================================
Received Import Request.
  Time since last request: 734.895858 seconds.
  path: Assets/robin/scripts
  artifactKey: Guid(962e4a5dd46cb7844a8a87d635561db8) Importer(815301076,1909f56bfc062723c751e8b465ee728b)
Start importing Assets/robin/scripts using Guid(962e4a5dd46cb7844a8a87d635561db8) Importer(815301076,1909f56bfc062723c751e8b465ee728b)  -> (artifact id: 'd7cf427379f67538bbfddbcdae771ae8') in 0.010919 seconds 
========================================================================
Received Prepare
Registering precompiled user dll's ...
Registered in 0.006634 seconds.
Begin MonoManager ReloadAssembly
Symbol file LoadedFromMemory doesn't match image C:\Users\helev\OneDrive\Documents\GitHub\cc\Allergens Attract\Library\PackageCache\com.unity.visualscripting@1.6.1\Editor\VisualScripting.Core\Dependencies\YamlDotNet\Unity.VisualScripting.YamlDotNet.dll
Symbol file LoadedFromMemory doesn't match image C:\Users\helev\OneDrive\Documents\GitHub\cc\Allergens Attract\Library\PackageCache\com.unity.visualscripting@1.6.1\Editor\VisualScripting.Core\Dependencies\DotNetZip\Unity.VisualScripting.IonicZip.dll
Native extension for WindowsStandalone target not found
Native extension for WebGL target not found
Refreshing native plugins compatible for Editor in 0.91 ms, found 4 plugins.
Preloading 0 native plugins for Editor in 0.00 ms.
Mono: successfully reloaded assembly
- Completed reload, in  1.421 seconds
Domain Reload Profiling:
	ReloadAssembly (1421ms)
		BeginReloadAssembly (135ms)
			ExecutionOrderSort (0ms)
			DisableScriptedObjects (7ms)
			BackupInstance (0ms)
			ReleaseScriptingObjects (0ms)
			CreateAndSetChildDomain (48ms)
		EndReloadAssembly (1210ms)
			LoadAssemblies (113ms)
			RebuildTransferFunctionScriptingTraits (0ms)
			SetupTypeCache (485ms)
			ReleaseScriptCaches (2ms)
			RebuildScriptCaches (57ms)
			SetupLoadedEditorAssemblies (396ms)
				LogAssemblyErrors (0ms)
				InitializePlatformSupportModulesInManaged (7ms)
				SetLoadedEditorAssemblies (1ms)
				RefreshPlugins (1ms)
				BeforeProcessingInitializeOnLoad (87ms)
				ProcessInitializeOnLoadAttributes (277ms)
				ProcessInitializeOnLoadMethodAttributes (13ms)
				AfterProcessingInitializeOnLoad (9ms)
				EditorAssembliesLoaded (0ms)
			ExecutionOrderSort2 (0ms)
			AwakeInstancesAfterBackupRestoration (16ms)
Platform modules already initialized, skipping
Refreshing native plugins compatible for Editor in 0.82 ms, found 4 plugins.
Preloading 0 native plugins for Editor in 0.00 ms.
Unloading 4437 Unused Serialized files (Serialized files now loaded: 0)
System memory in use before: 162.7 MB.
System memory in use after: 162.9 MB.

Unloading 37 unused Assets to reduce memory usage. Loaded Objects now: 4951.
Total: 3.136700 ms (FindLiveObjects: 0.372100 ms CreateObjectMapping: 0.366300 ms MarkObjects: 2.290400 ms  DeleteObjects: 0.106800 ms)

AssetImportParameters requested are different than current active one (requested -> active):
  custom:framework-win-MediaFoundation: 216162199b28c13a410421893ffa2e32 -> 
  custom:video-decoder-ogg-theora: a1e56fd34408186e4bbccfd4996cb3dc -> 
  custom:container-muxer-webm: aa71ff27fc2769a1b78a27578f13a17b -> 
  custom:container-demuxer-webm: 4f35f7cbe854078d1ac9338744f61a02 -> 
  custom:container-demuxer-ogg: 62fdf1f143b41e24485cea50d1cbac27 -> 
  custom:video-encoder-webm-vp8: eb34c28f22e8b96e1ab97ce403110664 -> 
  custom:video-decoder-webm-vp8: 9c59270c3fd7afecdb556c50c9e8de78 -> 
  custom:audio-decoder-ogg-vorbis: bf7c407c2cedff20999df2af8eb42d56 -> 
  custom:audio-encoder-webm-vorbis: bf7c407c2cedff20999df2af8eb42d56 -> 
========================================================================
Received Prepare
Registering precompiled user dll's ...
Registered in 0.006479 seconds.
Begin MonoManager ReloadAssembly
Symbol file LoadedFromMemory doesn't match image C:\Users\helev\OneDrive\Documents\GitHub\cc\Allergens Attract\Library\PackageCache\com.unity.visualscripting@1.6.1\Editor\VisualScripting.Core\Dependencies\YamlDotNet\Unity.VisualScripting.YamlDotNet.dll
Symbol file LoadedFromMemory doesn't match image C:\Users\helev\OneDrive\Documents\GitHub\cc\Allergens Attract\Library\PackageCache\com.unity.visualscripting@1.6.1\Editor\VisualScripting.Core\Dependencies\DotNetZip\Unity.VisualScripting.IonicZip.dll
Native extension for WindowsStandalone target not found
Native extension for WebGL target not found
Refreshing native plugins compatible for Editor in 0.99 ms, found 4 plugins.
Preloading 0 native plugins for Editor in 0.00 ms.
Mono: successfully reloaded assembly
- Completed reload, in  1.459 seconds
Domain Reload Profiling:
	ReloadAssembly (1459ms)
		BeginReloadAssembly (150ms)
			ExecutionOrderSort (0ms)
			DisableScriptedObjects (8ms)
			BackupInstance (0ms)
			ReleaseScriptingObjects (0ms)
			CreateAndSetChildDomain (47ms)
		EndReloadAssembly (1227ms)
			LoadAssemblies (131ms)
			RebuildTransferFunctionScriptingTraits (0ms)
			SetupTypeCache (494ms)
			ReleaseScriptCaches (2ms)
			RebuildScriptCaches (61ms)
			SetupLoadedEditorAssemblies (403ms)
				LogAssemblyErrors (0ms)
				InitializePlatformSupportModulesInManaged (9ms)
				SetLoadedEditorAssemblies (1ms)
				RefreshPlugins (1ms)
				BeforeProcessingInitializeOnLoad (92ms)
				ProcessInitializeOnLoadAttributes (279ms)
				ProcessInitializeOnLoadMethodAttributes (11ms)
				AfterProcessingInitializeOnLoad (10ms)
				EditorAssembliesLoaded (0ms)
			ExecutionOrderSort2 (0ms)
			AwakeInstancesAfterBackupRestoration (13ms)
Platform modules already initialized, skipping
Refreshing native plugins compatible for Editor in 0.98 ms, found 4 plugins.
Preloading 0 native plugins for Editor in 0.00 ms.
Unloading 4437 Unused Serialized files (Serialized files now loaded: 0)
System memory in use before: 162.8 MB.
System memory in use after: 162.9 MB.

Unloading 25 unused Assets to reduce memory usage. Loaded Objects now: 4955.
Total: 3.209400 ms (FindLiveObjects: 0.383500 ms CreateObjectMapping: 0.319500 ms MarkObjects: 2.398800 ms  DeleteObjects: 0.106300 ms)

AssetImportParameters requested are different than current active one (requested -> active):
  custom:framework-win-MediaFoundation: 216162199b28c13a410421893ffa2e32 -> 
  custom:video-decoder-ogg-theora: a1e56fd34408186e4bbccfd4996cb3dc -> 
  custom:container-muxer-webm: aa71ff27fc2769a1b78a27578f13a17b -> 
  custom:container-demuxer-webm: 4f35f7cbe854078d1ac9338744f61a02 -> 
  custom:container-demuxer-ogg: 62fdf1f143b41e24485cea50d1cbac27 -> 
  custom:video-encoder-webm-vp8: eb34c28f22e8b96e1ab97ce403110664 -> 
  custom:video-decoder-webm-vp8: 9c59270c3fd7afecdb556c50c9e8de78 -> 
  custom:audio-decoder-ogg-vorbis: bf7c407c2cedff20999df2af8eb42d56 -> 
  custom:audio-encoder-webm-vorbis: bf7c407c2cedff20999df2af8eb42d56 -> 
========================================================================
Received Import Request.
  Time since last request: 391.070137 seconds.
  path: Assets/Art
  artifactKey: Guid(34558ddbd928a074babd1362ee15d464) Importer(815301076,1909f56bfc062723c751e8b465ee728b)
Start importing Assets/Art using Guid(34558ddbd928a074babd1362ee15d464) Importer(815301076,1909f56bfc062723c751e8b465ee728b)  -> (artifact id: '76de65cd4c2db1d02124a9222ebefd5a') in 0.049143 seconds 
========================================================================
Received Import Request.
  Time since last request: 1.375410 seconds.
  path: Assets/Art/Backgrounds
  artifactKey: Guid(93d621412ea5a004bb1c39f968531e5d) Importer(815301076,1909f56bfc062723c751e8b465ee728b)
Start importing Assets/Art/Backgrounds using Guid(93d621412ea5a004bb1c39f968531e5d) Importer(815301076,1909f56bfc062723c751e8b465ee728b)  -> (artifact id: 'bc85ce592256fe5217a383a950235bfa') in 0.012604 seconds 
========================================================================
Received Import Request.
  Time since last request: 16.793218 seconds.
  path: Assets/Art/Backgrounds/a8a925bdb04ee35957415e17ecae0cef.jpg
  artifactKey: Guid(c5729d9f4c191f3428d3dfffd1b6c139) Importer(815301076,1909f56bfc062723c751e8b465ee728b)
Start importing Assets/Art/Backgrounds/a8a925bdb04ee35957415e17ecae0cef.jpg using Guid(c5729d9f4c191f3428d3dfffd1b6c139) Importer(815301076,1909f56bfc062723c751e8b465ee728b)  -> (artifact id: '3a2f19b8b4b043e556a650fe83a09ca2') in 0.116993 seconds 
========================================================================
Received Import Request.
  Time since last request: 16.598601 seconds.
  path: Assets/Sprites/sky.png
  artifactKey: Guid(6328f75a871e64243899cafc57949802) Importer(815301076,1909f56bfc062723c751e8b465ee728b)
Start importing Assets/Sprites/sky.png using Guid(6328f75a871e64243899cafc57949802) Importer(815301076,1909f56bfc062723c751e8b465ee728b)  -> (artifact id: '6c902e9e73fea6fff44ed0af86d246b3') in 0.062214 seconds 
========================================================================
Received Import Request.
  Time since last request: 49.948254 seconds.
  path: Assets/Fungus/Textures/rewind.png
  artifactKey: Guid(62573ea76cbf34643bf28a259a6c901c) Importer(815301076,1909f56bfc062723c751e8b465ee728b)
Start importing Assets/Fungus/Textures/rewind.png using Guid(62573ea76cbf34643bf28a259a6c901c) Importer(815301076,1909f56bfc062723c751e8b465ee728b)  -> (artifact id: 'd85fea46dd138d47b5a0ff6589ab2127') in 0.025828 seconds 
========================================================================
Received Import Request.
  Time since last request: 0.000193 seconds.
  path: Assets/Fungus/Textures/ScriptIcon.png
  artifactKey: Guid(c22400d5bd211479099238aaacbd4852) Importer(815301076,1909f56bfc062723c751e8b465ee728b)
Start importing Assets/Fungus/Textures/ScriptIcon.png using Guid(c22400d5bd211479099238aaacbd4852) Importer(815301076,1909f56bfc062723c751e8b465ee728b)  -> (artifact id: '19df01d5cc0587c998a205c393cf9187') in 0.027727 seconds 
========================================================================
Received Import Request.
  Time since last request: 0.000376 seconds.
  path: Assets/VFX/Sprite_LightShafts.png
  artifactKey: Guid(12d8c5619ad9e05489ea29dff7bc48f0) Importer(815301076,1909f56bfc062723c751e8b465ee728b)
Start importing Assets/VFX/Sprite_LightShafts.png using Guid(12d8c5619ad9e05489ea29dff7bc48f0) Importer(815301076,1909f56bfc062723c751e8b465ee728b)  -> (artifact id: 'f1e7e783926e469abcbd282f6c3e3cb3') in 0.023411 seconds 
========================================================================
Received Import Request.
  Time since last request: 0.000336 seconds.
  path: Assets/Fungus/Textures/settings.png
  artifactKey: Guid(8d3c80dd0c2904cdbb745cf481348a76) Importer(815301076,1909f56bfc062723c751e8b465ee728b)
Start importing Assets/Fungus/Textures/settings.png using Guid(8d3c80dd0c2904cdbb745cf481348a76) Importer(815301076,1909f56bfc062723c751e8b465ee728b)  -> (artifact id: '03bf850a366114f03b8288b47eae886b') in 0.033546 seconds 
========================================================================
Received Import Request.
  Time since last request: 10.629241 seconds.
  path: Assets/Fungus/Textures/OptionButtonHighlighted.png
  artifactKey: Guid(888feb4a32e3b564fb7e6f9b28cc8e10) Importer(815301076,1909f56bfc062723c751e8b465ee728b)
Start importing Assets/Fungus/Textures/OptionButtonHighlighted.png using Guid(888feb4a32e3b564fb7e6f9b28cc8e10) Importer(815301076,1909f56bfc062723c751e8b465ee728b)  -> (artifact id: 'e9af13d4f8077354f815255d9da89423') in 0.032559 seconds 
========================================================================
Received Import Request.
  Time since last request: 0.000242 seconds.
  path: Assets/Fungus/Textures/OptionButtonPressed.png
  artifactKey: Guid(2e33a3f531b6adc4f9d8a99c83e2ba2d) Importer(815301076,1909f56bfc062723c751e8b465ee728b)
Start importing Assets/Fungus/Textures/OptionButtonPressed.png using Guid(2e33a3f531b6adc4f9d8a99c83e2ba2d) Importer(815301076,1909f56bfc062723c751e8b465ee728b)  -> (artifact id: '3f519a5d29008f4cef75e5af7b94ad49') in 0.030482 seconds 
========================================================================
Received Import Request.
  Time since last request: 0.143515 seconds.
  path: Assets/Fungus/Textures/OptionButton.png
  artifactKey: Guid(c207de86481ff7d48a2fba2fcc374723) Importer(815301076,1909f56bfc062723c751e8b465ee728b)
Start importing Assets/Fungus/Textures/OptionButton.png using Guid(c207de86481ff7d48a2fba2fcc374723) Importer(815301076,1909f56bfc062723c751e8b465ee728b)  -> (artifact id: 'd68ff8581d5895dce95646cd3ba28248') in 0.030164 seconds 
========================================================================
Received Import Request.
  Time since last request: 0.000231 seconds.
  path: Assets/Fungus/Textures/OptionButtonDisabled.png
  artifactKey: Guid(49d5ccdda7b99e24787c2abc3891294c) Importer(815301076,1909f56bfc062723c751e8b465ee728b)
Start importing Assets/Fungus/Textures/OptionButtonDisabled.png using Guid(49d5ccdda7b99e24787c2abc3891294c) Importer(815301076,1909f56bfc062723c751e8b465ee728b)  -> (artifact id: 'ee25384ca913aa538e7e7e820bb37d88') in 0.027213 seconds 
========================================================================
Received Import Request.
  Time since last request: 0.000310 seconds.
  path: Assets/Fungus/Textures/Mushroom.png
  artifactKey: Guid(ea8f56c43254d41728f5ac4e8299b6c9) Importer(815301076,1909f56bfc062723c751e8b465ee728b)
Start importing Assets/Fungus/Textures/Mushroom.png using Guid(ea8f56c43254d41728f5ac4e8299b6c9) Importer(815301076,1909f56bfc062723c751e8b465ee728b)  -> (artifact id: '0c6ec6a7e503fb9bdbc62ec8f2680e18') in 0.033617 seconds 
========================================================================
Received Import Request.
  Time since last request: 0.000241 seconds.
  path: Assets/Fungus/Textures/HistoryIcon.png
  artifactKey: Guid(94b4465d12d983b45a5c1af59318e72e) Importer(815301076,1909f56bfc062723c751e8b465ee728b)
Start importing Assets/Fungus/Textures/HistoryIcon.png using Guid(94b4465d12d983b45a5c1af59318e72e) Importer(815301076,1909f56bfc062723c751e8b465ee728b)  -> (artifact id: 'b58cf9ce4dfc7ae0b7b8474db67b3769') in 0.027126 seconds 
========================================================================
Received Import Request.
  Time since last request: 0.000198 seconds.
  path: Assets/Fungus/Textures/menu.png
  artifactKey: Guid(240416d45df4c6c4daec987220246861) Importer(815301076,1909f56bfc062723c751e8b465ee728b)
Start importing Assets/Fungus/Textures/menu.png using Guid(240416d45df4c6c4daec987220246861) Importer(815301076,1909f56bfc062723c751e8b465ee728b)  -> (artifact id: 'c6db45bd82efd65516ff6e247bdd3ae7') in 0.030087 seconds 
========================================================================
Received Import Request.
  Time since last request: 0.000253 seconds.
  path: Assets/Fungus/Textures/GreyButton.png
  artifactKey: Guid(9bdedfa4650174106a3115624f193b99) Importer(815301076,1909f56bfc062723c751e8b465ee728b)
Start importing Assets/Fungus/Textures/GreyButton.png using Guid(9bdedfa4650174106a3115624f193b99) Importer(815301076,1909f56bfc062723c751e8b465ee728b)  -> (artifact id: '0872f270918b00c0cf86aad7d3ad6af5') in 0.042038 seconds 
========================================================================
Received Import Request.
  Time since last request: 0.159752 seconds.
  path: Assets/Fungus/Textures/DialogBoxSliced.png
  artifactKey: Guid(e8ab00ef0d9684dcb9deb52811d91218) Importer(815301076,1909f56bfc062723c751e8b465ee728b)
Start importing Assets/Fungus/Textures/DialogBoxSliced.png using Guid(e8ab00ef0d9684dcb9deb52811d91218) Importer(815301076,1909f56bfc062723c751e8b465ee728b)  -> (artifact id: '9ee78a8b1616d465ca175e4299c9d743') in 0.038910 seconds 
========================================================================
Received Import Request.
  Time since last request: 0.000225 seconds.
  path: Assets/Fungus/Textures/CreatedWith.psd
  artifactKey: Guid(7adcbbe62d6554d81affcab2c56ad5ac) Importer(815301076,1909f56bfc062723c751e8b465ee728b)
Start importing Assets/Fungus/Textures/CreatedWith.psd using Guid(7adcbbe62d6554d81affcab2c56ad5ac) Importer(815301076,1909f56bfc062723c751e8b465ee728b)  -> (artifact id: '93c88194f812705fcd7ef2630688169a') in 0.036491 seconds 
========================================================================
Received Import Request.
  Time since last request: 0.000318 seconds.
  path: Assets/Fungus/Resources/Sprites/Background.png
  artifactKey: Guid(78bc8db714c3749cc8bd8c0b7e525b85) Importer(815301076,1909f56bfc062723c751e8b465ee728b)
Start importing Assets/Fungus/Resources/Sprites/Background.png using Guid(78bc8db714c3749cc8bd8c0b7e525b85) Importer(815301076,1909f56bfc062723c751e8b465ee728b)  -> (artifact id: '1404a0f284b59b19b0f3f0d823475ee7') in 0.048997 seconds 
========================================================================
Received Import Request.
  Time since last request: 0.000247 seconds.
  path: Assets/Fungus/Textures/DialogBox.png
  artifactKey: Guid(eeb00f6cd27e9ef4d9174551b3342dec) Importer(815301076,1909f56bfc062723c751e8b465ee728b)
Start importing Assets/Fungus/Textures/DialogBox.png using Guid(eeb00f6cd27e9ef4d9174551b3342dec) Importer(815301076,1909f56bfc062723c751e8b465ee728b)  -> (artifact id: '4f933928462aecc0c5b84303e1ec5251') in 0.049010 seconds 
========================================================================
Received Import Request.
  Time since last request: 0.000317 seconds.
  path: Assets/Fungus/Textures/FungusLogo.png
  artifactKey: Guid(1b656a189e6154422a74e05a56c3f245) Importer(815301076,1909f56bfc062723c751e8b465ee728b)
Start importing Assets/Fungus/Textures/FungusLogo.png using Guid(1b656a189e6154422a74e05a56c3f245) Importer(815301076,1909f56bfc062723c751e8b465ee728b)  -> (artifact id: 'f043f574fabb97ae1e6c1d4a525b3139') in 0.034103 seconds 
========================================================================
Received Import Request.
  Time since last request: 0.000314 seconds.
  path: Assets/Fungus/Textures/ContinueIcon.png
  artifactKey: Guid(226248ac6f184e448af731df91b91958) Importer(815301076,1909f56bfc062723c751e8b465ee728b)
Start importing Assets/Fungus/Textures/ContinueIcon.png using Guid(226248ac6f184e448af731df91b91958) Importer(815301076,1909f56bfc062723c751e8b465ee728b)  -> (artifact id: '5a66c75591ca94e32fad90143b0407d9') in 0.032165 seconds 
========================================================================
Received Import Request.
  Time since last request: 11.539614 seconds.
  path: Assets/Fungus/Resources/Sprites/HandPointer.png
  artifactKey: Guid(22eb050bacf8c401ca8503e24bff3570) Importer(815301076,1909f56bfc062723c751e8b465ee728b)
Start importing Assets/Fungus/Resources/Sprites/HandPointer.png using Guid(22eb050bacf8c401ca8503e24bff3570) Importer(815301076,1909f56bfc062723c751e8b465ee728b)  -> (artifact id: 'af994b4a648776b2628fbb3bdae78468') in 0.026579 seconds 
========================================================================
Received Import Request.
  Time since last request: 0.000209 seconds.
  path: Assets/Fungus/Resources/Sprites/MousePointer.png
  artifactKey: Guid(502e0c9b755f34db0b90bf78857d8a1c) Importer(815301076,1909f56bfc062723c751e8b465ee728b)
Start importing Assets/Fungus/Resources/Sprites/MousePointer.png using Guid(502e0c9b755f34db0b90bf78857d8a1c) Importer(815301076,1909f56bfc062723c751e8b465ee728b)  -> (artifact id: '9fafef2e12656ffd55024e0af97df331') in 0.020964 seconds 
========================================================================
Received Import Request.
  Time since last request: 79.487559 seconds.
  path: Assets/Art/Backgrounds/663606d3b243344f8b08daca37bfe5d8.jpg
  artifactKey: Guid(d4827905c4512324abc8a423623b4368) Importer(815301076,1909f56bfc062723c751e8b465ee728b)
Start importing Assets/Art/Backgrounds/663606d3b243344f8b08daca37bfe5d8.jpg using Guid(d4827905c4512324abc8a423623b4368) Importer(815301076,1909f56bfc062723c751e8b465ee728b)  -> (artifact id: 'b3cfab921794b5e6c754c9879a99e5de') in 0.035247 seconds 
========================================================================
Received Prepare
Registering precompiled user dll's ...
Registered in 0.010856 seconds.
Begin MonoManager ReloadAssembly
Symbol file LoadedFromMemory doesn't match image C:\Users\helev\OneDrive\Documents\GitHub\cc\Allergens Attract\Library\PackageCache\com.unity.visualscripting@1.6.1\Editor\VisualScripting.Core\Dependencies\YamlDotNet\Unity.VisualScripting.YamlDotNet.dll
Symbol file LoadedFromMemory doesn't match image C:\Users\helev\OneDrive\Documents\GitHub\cc\Allergens Attract\Library\PackageCache\com.unity.visualscripting@1.6.1\Editor\VisualScripting.Core\Dependencies\DotNetZip\Unity.VisualScripting.IonicZip.dll
Native extension for WindowsStandalone target not found
Native extension for WebGL target not found
Refreshing native plugins compatible for Editor in 0.95 ms, found 4 plugins.
Preloading 0 native plugins for Editor in 0.00 ms.
Mono: successfully reloaded assembly
- Completed reload, in  1.508 seconds
Domain Reload Profiling:
	ReloadAssembly (1508ms)
		BeginReloadAssembly (125ms)
			ExecutionOrderSort (0ms)
			DisableScriptedObjects (7ms)
			BackupInstance (0ms)
			ReleaseScriptingObjects (0ms)
			CreateAndSetChildDomain (45ms)
		EndReloadAssembly (1292ms)
			LoadAssemblies (109ms)
			RebuildTransferFunctionScriptingTraits (0ms)
			SetupTypeCache (503ms)
			ReleaseScriptCaches (1ms)
			RebuildScriptCaches (59ms)
			SetupLoadedEditorAssemblies (431ms)
				LogAssemblyErrors (0ms)
				InitializePlatformSupportModulesInManaged (8ms)
				SetLoadedEditorAssemblies (1ms)
				RefreshPlugins (1ms)
				BeforeProcessingInitializeOnLoad (94ms)
				ProcessInitializeOnLoadAttributes (307ms)
				ProcessInitializeOnLoadMethodAttributes (11ms)
				AfterProcessingInitializeOnLoad (8ms)
				EditorAssembliesLoaded (0ms)
			ExecutionOrderSort2 (0ms)
			AwakeInstancesAfterBackupRestoration (24ms)
Platform modules already initialized, skipping
Refreshing native plugins compatible for Editor in 1.50 ms, found 4 plugins.
Preloading 0 native plugins for Editor in 0.00 ms.
Unloading 4460 Unused Serialized files (Serialized files now loaded: 0)
System memory in use before: 190.5 MB.
System memory in use after: 190.6 MB.

Unloading 25 unused Assets to reduce memory usage. Loaded Objects now: 5333.
Total: 5.229300 ms (FindLiveObjects: 0.816100 ms CreateObjectMapping: 0.582400 ms MarkObjects: 3.693200 ms  DeleteObjects: 0.135900 ms)

AssetImportParameters requested are different than current active one (requested -> active):
  custom:framework-win-MediaFoundation: 216162199b28c13a410421893ffa2e32 -> 
  custom:video-decoder-ogg-theora: a1e56fd34408186e4bbccfd4996cb3dc -> 
  custom:container-muxer-webm: aa71ff27fc2769a1b78a27578f13a17b -> 
  custom:container-demuxer-webm: 4f35f7cbe854078d1ac9338744f61a02 -> 
  custom:container-demuxer-ogg: 62fdf1f143b41e24485cea50d1cbac27 -> 
  custom:video-encoder-webm-vp8: eb34c28f22e8b96e1ab97ce403110664 -> 
  custom:video-decoder-webm-vp8: 9c59270c3fd7afecdb556c50c9e8de78 -> 
  custom:audio-decoder-ogg-vorbis: bf7c407c2cedff20999df2af8eb42d56 -> 
  custom:audio-encoder-webm-vorbis: bf7c407c2cedff20999df2af8eb42d56 -> 
========================================================================
Received Prepare
Registering precompiled user dll's ...
Registered in 0.007083 seconds.
Begin MonoManager ReloadAssembly
Symbol file LoadedFromMemory doesn't match image C:\Users\helev\OneDrive\Documents\GitHub\cc\Allergens Attract\Library\PackageCache\com.unity.visualscripting@1.6.1\Editor\VisualScripting.Core\Dependencies\YamlDotNet\Unity.VisualScripting.YamlDotNet.dll
Symbol file LoadedFromMemory doesn't match image C:\Users\helev\OneDrive\Documents\GitHub\cc\Allergens Attract\Library\PackageCache\com.unity.visualscripting@1.6.1\Editor\VisualScripting.Core\Dependencies\DotNetZip\Unity.VisualScripting.IonicZip.dll
Native extension for WindowsStandalone target not found
Native extension for WebGL target not found
Refreshing native plugins compatible for Editor in 0.83 ms, found 4 plugins.
Preloading 0 native plugins for Editor in 0.00 ms.
Mono: successfully reloaded assembly
- Completed reload, in  1.351 seconds
Domain Reload Profiling:
	ReloadAssembly (1351ms)
		BeginReloadAssembly (132ms)
			ExecutionOrderSort (0ms)
			DisableScriptedObjects (11ms)
			BackupInstance (0ms)
			ReleaseScriptingObjects (0ms)
			CreateAndSetChildDomain (45ms)
		EndReloadAssembly (1148ms)
			LoadAssemblies (110ms)
			RebuildTransferFunctionScriptingTraits (0ms)
			SetupTypeCache (455ms)
			ReleaseScriptCaches (2ms)
			RebuildScriptCaches (56ms)
			SetupLoadedEditorAssemblies (386ms)
				LogAssemblyErrors (0ms)
				InitializePlatformSupportModulesInManaged (7ms)
				SetLoadedEditorAssemblies (1ms)
				RefreshPlugins (1ms)
				BeforeProcessingInitializeOnLoad (85ms)
				ProcessInitializeOnLoadAttributes (276ms)
				ProcessInitializeOnLoadMethodAttributes (10ms)
				AfterProcessingInitializeOnLoad (7ms)
				EditorAssembliesLoaded (0ms)
			ExecutionOrderSort2 (0ms)
			AwakeInstancesAfterBackupRestoration (21ms)
Platform modules already initialized, skipping
Refreshing native plugins compatible for Editor in 0.83 ms, found 4 plugins.
Preloading 0 native plugins for Editor in 0.00 ms.
Unloading 4437 Unused Serialized files (Serialized files now loaded: 0)
System memory in use before: 189.8 MB.
System memory in use after: 189.9 MB.

Unloading 25 unused Assets to reduce memory usage. Loaded Objects now: 5337.
Total: 3.262400 ms (FindLiveObjects: 0.421400 ms CreateObjectMapping: 0.284400 ms MarkObjects: 2.456000 ms  DeleteObjects: 0.099700 ms)

AssetImportParameters requested are different than current active one (requested -> active):
  custom:framework-win-MediaFoundation: 216162199b28c13a410421893ffa2e32 -> 
  custom:video-decoder-ogg-theora: a1e56fd34408186e4bbccfd4996cb3dc -> 
  custom:container-muxer-webm: aa71ff27fc2769a1b78a27578f13a17b -> 
  custom:container-demuxer-webm: 4f35f7cbe854078d1ac9338744f61a02 -> 
  custom:container-demuxer-ogg: 62fdf1f143b41e24485cea50d1cbac27 -> 
  custom:video-encoder-webm-vp8: eb34c28f22e8b96e1ab97ce403110664 -> 
  custom:video-decoder-webm-vp8: 9c59270c3fd7afecdb556c50c9e8de78 -> 
  custom:audio-decoder-ogg-vorbis: bf7c407c2cedff20999df2af8eb42d56 -> 
  custom:audio-encoder-webm-vorbis: bf7c407c2cedff20999df2af8eb42d56 -> 
========================================================================
Received Import Request.
  Time since last request: 69.221893 seconds.
  path: Assets/TextMesh Pro
  artifactKey: Guid(f54d1bd14bd3ca042bd867b519fee8cc) Importer(815301076,1909f56bfc062723c751e8b465ee728b)
Start importing Assets/TextMesh Pro using Guid(f54d1bd14bd3ca042bd867b519fee8cc) Importer(815301076,1909f56bfc062723c751e8b465ee728b)  -> (artifact id: '16b4cbde9565bf190136f1148817e1ea') in 0.014303 seconds 
========================================================================
Received Import Request.
  Time since last request: 4.487050 seconds.
  path: Assets/VFX
  artifactKey: Guid(d23cdc5d87306e4428644c15080eb1c9) Importer(815301076,1909f56bfc062723c751e8b465ee728b)
Start importing Assets/VFX using Guid(d23cdc5d87306e4428644c15080eb1c9) Importer(815301076,1909f56bfc062723c751e8b465ee728b)  -> (artifact id: '8763ac7347e993546aa0305a405d7c3c') in 0.008013 seconds 
========================================================================
Received Import Request.
  Time since last request: 2.491551 seconds.
  path: Assets/VFX/Materials
  artifactKey: Guid(89b751f0b291af54293e2d2b0ca57701) Importer(815301076,1909f56bfc062723c751e8b465ee728b)
Start importing Assets/VFX/Materials using Guid(89b751f0b291af54293e2d2b0ca57701) Importer(815301076,1909f56bfc062723c751e8b465ee728b)  -> (artifact id: 'daf61bae0a89e6451b2f8b86e918e04b') in 0.009615 seconds 
========================================================================
Received Import Request.
  Time since last request: 9.318597 seconds.
  path: Assets/Sprites
  artifactKey: Guid(c309eccc62306894f81f41e3765c9dc9) Importer(815301076,1909f56bfc062723c751e8b465ee728b)
Start importing Assets/Sprites using Guid(c309eccc62306894f81f41e3765c9dc9) Importer(815301076,1909f56bfc062723c751e8b465ee728b)  -> (artifact id: '8b62a9dc1c20fb735085f5872d233531') in 0.007918 seconds 
========================================================================
Received Import Request.
  Time since last request: 18.124155 seconds.
  path: Assets/Scripts/SceneSwitcher.cs
  artifactKey: Guid(05bfb9970c5c33241819502a6d63833a) Importer(815301076,1909f56bfc062723c751e8b465ee728b)
Start importing Assets/Scripts/SceneSwitcher.cs using Guid(05bfb9970c5c33241819502a6d63833a) Importer(815301076,1909f56bfc062723c751e8b465ee728b)  -> (artifact id: 'ebf4477bfe11c8d12958bc5b71725e9d') in 0.017692 seconds 
========================================================================
Received Import Request.
  Time since last request: 2.659024 seconds.
  path: Assets/Scripts/lossesCheck.cs
  artifactKey: Guid(0823f342faf2a2340b85409286f8b845) Importer(815301076,1909f56bfc062723c751e8b465ee728b)
Start importing Assets/Scripts/lossesCheck.cs using Guid(0823f342faf2a2340b85409286f8b845) Importer(815301076,1909f56bfc062723c751e8b465ee728b)  -> (artifact id: 'e34ab22ce8d46b021ef2d5be7d008bf2') in 0.009827 seconds 
========================================================================
Received Prepare
Registering precompiled user dll's ...
Registered in 0.010551 seconds.
Begin MonoManager ReloadAssembly
Symbol file LoadedFromMemory doesn't match image C:\Users\helev\OneDrive\Documents\GitHub\cc\Allergens Attract\Library\PackageCache\com.unity.visualscripting@1.6.1\Editor\VisualScripting.Core\Dependencies\YamlDotNet\Unity.VisualScripting.YamlDotNet.dll
Symbol file LoadedFromMemory doesn't match image C:\Users\helev\OneDrive\Documents\GitHub\cc\Allergens Attract\Library\PackageCache\com.unity.visualscripting@1.6.1\Editor\VisualScripting.Core\Dependencies\DotNetZip\Unity.VisualScripting.IonicZip.dll
Native extension for WindowsStandalone target not found
Native extension for WebGL target not found
Refreshing native plugins compatible for Editor in 0.94 ms, found 4 plugins.
Preloading 0 native plugins for Editor in 0.00 ms.
Mono: successfully reloaded assembly
- Completed reload, in  1.444 seconds
Domain Reload Profiling:
	ReloadAssembly (1444ms)
		BeginReloadAssembly (142ms)
			ExecutionOrderSort (0ms)
			DisableScriptedObjects (13ms)
			BackupInstance (0ms)
			ReleaseScriptingObjects (0ms)
			CreateAndSetChildDomain (47ms)
		EndReloadAssembly (1223ms)
			LoadAssemblies (119ms)
			RebuildTransferFunctionScriptingTraits (0ms)
			SetupTypeCache (490ms)
			ReleaseScriptCaches (1ms)
			RebuildScriptCaches (57ms)
			SetupLoadedEditorAssemblies (404ms)
				LogAssemblyErrors (0ms)
				InitializePlatformSupportModulesInManaged (7ms)
				SetLoadedEditorAssemblies (1ms)
				RefreshPlugins (1ms)
				BeforeProcessingInitializeOnLoad (87ms)
				ProcessInitializeOnLoadAttributes (290ms)
				ProcessInitializeOnLoadMethodAttributes (11ms)
				AfterProcessingInitializeOnLoad (7ms)
				EditorAssembliesLoaded (0ms)
			ExecutionOrderSort2 (0ms)
			AwakeInstancesAfterBackupRestoration (21ms)
Platform modules already initialized, skipping
Refreshing native plugins compatible for Editor in 1.09 ms, found 4 plugins.
Preloading 0 native plugins for Editor in 0.00 ms.
Unloading 4436 Unused Serialized files (Serialized files now loaded: 0)
System memory in use before: 189.8 MB.
System memory in use after: 189.9 MB.

Unloading 26 unused Assets to reduce memory usage. Loaded Objects now: 5340.
Total: 3.697800 ms (FindLiveObjects: 0.429400 ms CreateObjectMapping: 0.354300 ms MarkObjects: 2.787600 ms  DeleteObjects: 0.124800 ms)

AssetImportParameters requested are different than current active one (requested -> active):
  custom:framework-win-MediaFoundation: 216162199b28c13a410421893ffa2e32 -> 
  custom:video-decoder-ogg-theora: a1e56fd34408186e4bbccfd4996cb3dc -> 
  custom:container-muxer-webm: aa71ff27fc2769a1b78a27578f13a17b -> 
  custom:container-demuxer-webm: 4f35f7cbe854078d1ac9338744f61a02 -> 
  custom:container-demuxer-ogg: 62fdf1f143b41e24485cea50d1cbac27 -> 
  custom:video-encoder-webm-vp8: eb34c28f22e8b96e1ab97ce403110664 -> 
  custom:video-decoder-webm-vp8: 9c59270c3fd7afecdb556c50c9e8de78 -> 
  custom:audio-decoder-ogg-vorbis: bf7c407c2cedff20999df2af8eb42d56 -> 
  custom:audio-encoder-webm-vorbis: bf7c407c2cedff20999df2af8eb42d56 -> 
========================================================================
Received Import Request.
  Time since last request: 40.500070 seconds.
  path: Assets/Audio
  artifactKey: Guid(5e2e7da0081e03047aba1d0421662c6c) Importer(815301076,1909f56bfc062723c751e8b465ee728b)
Start importing Assets/Audio using Guid(5e2e7da0081e03047aba1d0421662c6c) Importer(815301076,1909f56bfc062723c751e8b465ee728b)  -> (artifact id: '21a0cfa9862ce789d46bb019e6ca6673') in 0.015263 seconds 
========================================================================
Received Import Request.
  Time since last request: 0.049414 seconds.
  path: Assets/Audio/rhythm_sword_-_stage_1_v1.mp3
  artifactKey: Guid(8d8f7d3e87af0444abdd953ba6d6f877) Importer(815301076,1909f56bfc062723c751e8b465ee728b)
Start importing Assets/Audio/rhythm_sword_-_stage_1_v1.mp3 using Guid(8d8f7d3e87af0444abdd953ba6d6f877) Importer(815301076,1909f56bfc062723c751e8b465ee728b)  -> (artifact id: '416c5b5befe4322b758784244afda7a9') in 0.178945 seconds 
========================================================================
Received Import Request.
  Time since last request: 12.549761 seconds.
  path: Assets/FungusExamples
  artifactKey: Guid(284c552a4b8241b479ea29d8a4cfc316) Importer(815301076,1909f56bfc062723c751e8b465ee728b)
Start importing Assets/FungusExamples using Guid(284c552a4b8241b479ea29d8a4cfc316) Importer(815301076,1909f56bfc062723c751e8b465ee728b)  -> (artifact id: '839a688a89be6e1bdf88cebafa6b6706') in 0.010487 seconds 
AssetImportWorkerClient::OnTransportError - code=2 error=End of file
